<?xml version="1.0" encoding="UTF-8"?>
<testsuite name="com.kodilla.testing2.crudapp.CrudAppTestSuite" tests="1" skipped="0" failures="0" errors="0" timestamp="2020-04-09T14:12:06" hostname="pg-PC" time="48.425">
  <properties/>
  <testcase name="shouldCreateTrelloCard" classname="com.kodilla.testing2.crudapp.CrudAppTestSuite" time="48.425"/>
  <system-out><![CDATA[]]></system-out>
  <system-err><![CDATA[Starting ChromeDriver 81.0.4044.69 (6813546031a4bc83f717a2ef7cd4ac6ec1199132-refs/branch-heads/4044@{#776}) on port 27107
Only local connections are allowed.
Please protect ports used by ChromeDriver and related test frameworks to prevent access by malicious code.
Apr 09, 2020 4:12:09 PM org.openqa.selenium.remote.ProtocolHandshake createSession
INFO: Detected dialect: W3C
[1586441530.232][SEVERE]: Timed out receiving message from renderer: 0.100
[1586441530.337][SEVERE]: Timed out receiving message from renderer: 0.100
[1586441530.442][SEVERE]: Timed out receiving message from renderer: 0.100
Starting ChromeDriver 81.0.4044.69 (6813546031a4bc83f717a2ef7cd4ac6ec1199132-refs/branch-heads/4044@{#776}) on port 36357
Only local connections are allowed.
Please protect ports used by ChromeDriver and related test frameworks to prevent access by malicious code.
Apr 09, 2020 4:12:36 PM org.openqa.selenium.remote.ProtocolHandshake createSession
INFO: Detected dialect: W3C
]]></system-err>
</testsuite>
